<?xml version="1.0" encoding="UTF-8" ?>
<testsuite failures="0" time="13.581" errors="0" skipped="0" tests="7" name="com.nehp.rfid_system.AuthTest">
  <properties>
[...]
</properties>
  <testcase time="0.75" classname="com.nehp.rfid_system.AuthTest" name="authPingWithNotAcceptedAccessTokenReturns401"/>
  <testcase time="0.39" classname="com.nehp.rfid_system.AuthTest" name="authPingWithIncorrectAccessTokenReturns401"/>
  <testcase time="1.452" classname="com.nehp.rfid_system.AuthTest" name="testGivenHappyPathWhenTokenRequestedThenAccessTokenIsValidUUID"/>
  <testcase time="0.594" classname="com.nehp.rfid_system.AuthTest" name="accessTokenWithBadPasswordReturns401"/>
  <testcase time="0.14" classname="com.nehp.rfid_system.AuthTest" name="authPingWithoutAccessTokenReturns401"/>
  <testcase time="0.203" classname="com.nehp.rfid_system.AuthTest" name="pingReturns200AndPong"/>
  <testcase time="1.077" classname="com.nehp.rfid_system.AuthTest" name="authPingWithAccessTokenReturns200AndPong"/>
</testsuite>